Running: /opt/Xilinx/14.7/ISE_DS/ISE/bin/lin64/unwrapped/fuse -intstyle ise -incremental -o /media/kamil/80FD-976D/koniec/VGATESTBENCH_isim_beh.exe -prj /media/kamil/80FD-976D/koniec/VGATESTBENCH_beh.prj work.VGATESTBENCH 
ISim P.20131013 (signature 0xfbc00daa)
Number of CPUs detected in this system: 12
Turning on mult-threading, number of parallel sub-compilation jobs: 24 
Determining compilation order of HDL files
Parsing VHDL file "/media/kamil/80FD-976D/koniec/VGA.vhd" into library work
Parsing VHDL file "/media/kamil/80FD-976D/koniec/VGATESTBENCH.vhd" into library work
Starting static elaboration
Completed static elaboration
Fuse Memory Usage: 85048 KB
Fuse CPU Usage: 350 ms
Compiling package standard
Compiling package std_logic_1164
Compiling package numeric_std
Compiling architecture behavioral of entity VGA [vga_default]
Compiling architecture behavior of entity vgatestbench
Time Resolution for simulation is 1ps.
Waiting for 1 sub-compilation(s) to finish...
Compiled 6 VHDL Units
Built simulation executable /media/kamil/80FD-976D/koniec/VGATESTBENCH_isim_beh.exe
Fuse Memory Usage: 1705284 KB
Fuse CPU Usage: 410 ms
GCC CPU Usage: 150 ms
