Command line:
   VGA_isim_beh.exe
     -simmode  gui
     -simrunnum  0
     -socket  52465

Wed May 15 09:37:07 2024


 Elaboration Time: 0.02 sec

 Current Memory Usage: 188.981 Meg

 Total Signals          : 17
 Total Nets             : 7276
 Total Signal Drivers   : 12
 Total Blocks           : 3
 Total Primitive Blocks : 3
 Total Processes        : 8
 Total Traceable Variables  : 19
 Total Scalar Nets and Variables : 7825
Total Line Count : 35

 Total Simulation Time: 0.02 sec

 Current Memory Usage: 264.483 Meg

Wed May 15 09:37:20 2024

